# JRE version: OpenJDK Runtime Environment (8.0_152-b01) (build 1.8.0_152-release-1024-b01)
# Java VM: OpenJDK 64-Bit Server VM (25.152-b01 mixed mode bsd-amd64 compressed oops)
Heap:
 PSYoungGen      total 240128K, used 206981K [0x00000007a0000000, 0x00000007b0a00000, 0x00000007c0000000)
  eden space 216064K, 86% used [0x00000007a0000000,0x00000007ab5abef8,0x00000007ad300000)
  from space 24064K, 87% used [0x00000007af280000,0x00000007b06f5898,0x00000007b0a00000)
  to   space 28160K, 0% used [0x00000007ad300000,0x00000007ad300000,0x00000007aee80000)
 ParOldGen       total 155136K, used 45979K [0x0000000760000000, 0x0000000769780000, 0x00000007a0000000)
  object space 155136K, 29% used [0x0000000760000000,0x0000000762ce6db0,0x0000000769780000)
 Metaspace       used 75915K, capacity 79282K, committed 79576K, reserved 1118208K
  class space    used 10075K, capacity 10867K, committed 10968K, reserved 1048576K
GC Heap History (10 events):
Event: 10.772 GC heap before
{Heap before GC invocations=11 (full 2):
 PSYoungGen      total 168960K, used 168956K [0x00000007a0000000, 0x00000007ad580000, 0x00000007c0000000)
  eden space 155648K, 100% used [0x00000007a0000000,0x00000007a9800000,0x00000007a9800000)
  from space 13312K, 99% used [0x00000007aa700000,0x00000007ab3ff0d8,0x00000007ab400000)
  to   space 15360K, 0% used [0x00000007a9800000,0x00000007a9800000,0x00000007aa700000)
 ParOldGen       total 97792K, used 21724K [0x0000000760000000, 0x0000000765f80000, 0x00000007a0000000)
  object space 97792K, 22% used [0x0000000760000000,0x0000000761537078,0x0000000765f80000)
 Metaspace       used 53779K, capacity 55524K, committed 55640K, reserved 1097728K
  class space    used 7498K, capacity 7936K, committed 8024K, reserved 1048576K
Event: 10.814 GC heap after
Heap after GC invocations=11 (full 2):
 PSYoungGen      total 171008K, used 15343K [0x00000007a0000000, 0x00000007ae700000, 0x00000007c0000000)
  eden space 155648K, 0% used [0x00000007a0000000,0x00000007a0000000,0x00000007a9800000)
  from space 15360K, 99% used [0x00000007a9800000,0x00000007aa6fbc08,0x00000007aa700000)
  to   space 20992K, 0% used [0x00000007ad280000,0x00000007ad280000,0x00000007ae700000)
 ParOldGen       total 97792K, used 30646K [0x0000000760000000, 0x0000000765f80000, 0x00000007a0000000)
  object space 97792K, 31% used [0x0000000760000000,0x0000000761ded9c0,0x0000000765f80000)
 Metaspace       used 53779K, capacity 55524K, committed 55640K, reserved 1097728K
  class space    used 7498K, capacity 7936K, committed 8024K, reserved 1048576K
}
Event: 12.863 GC heap before
{Heap before GC invocations=12 (full 2):
 PSYoungGen      total 171008K, used 151319K [0x00000007a0000000, 0x00000007ae700000, 0x00000007c0000000)
  eden space 155648K, 87% used [0x00000007a0000000,0x00000007a84ca2c0,0x00000007a9800000)
  from space 15360K, 99% used [0x00000007a9800000,0x00000007aa6fbc08,0x00000007aa700000)
  to   space 20992K, 0% used [0x00000007ad280000,0x00000007ad280000,0x00000007ae700000)
 ParOldGen       total 97792K, used 30646K [0x0000000760000000, 0x0000000765f80000, 0x00000007a0000000)
  object space 97792K, 31% used [0x0000000760000000,0x0000000761ded9c0,0x0000000765f80000)
 Metaspace       used 56929K, capacity 58978K, committed 59028K, reserved 1099776K
  class space    used 7837K, capacity 8385K, committed 8408K, reserved 1048576K
Event: 12.913 GC heap after
Heap after GC invocations=12 (full 2):
 PSYoungGen      total 209920K, used 20977K [0x00000007a0000000, 0x00000007af280000, 0x00000007c0000000)
  eden space 188928K, 0% used [0x00000007a0000000,0x00000007a0000000,0x00000007ab880000)
  from space 20992K, 99% used [0x00000007ad280000,0x00000007ae6fc498,0x00000007ae700000)
  to   space 26624K, 0% used [0x00000007ab880000,0x00000007ab880000,0x00000007ad280000)
 ParOldGen       total 97792K, used 38287K [0x0000000760000000, 0x0000000765f80000, 0x00000007a0000000)
  object space 97792K, 39% used [0x0000000760000000,0x0000000762563cd8,0x0000000765f80000)
 Metaspace       used 56929K, capacity 58978K, committed 59028K, reserved 1099776K
  class space    used 7837K, capacity 8385K, committed 8408K, reserved 1048576K
}
Event: 12.913 GC heap before
{Heap before GC invocations=13 (full 3):
 PSYoungGen      total 209920K, used 20977K [0x00000007a0000000, 0x00000007af280000, 0x00000007c0000000)
  eden space 188928K, 0% used [0x00000007a0000000,0x00000007a0000000,0x00000007ab880000)
  from space 20992K, 99% used [0x00000007ad280000,0x00000007ae6fc498,0x00000007ae700000)
  to   space 26624K, 0% used [0x00000007ab880000,0x00000007ab880000,0x00000007ad280000)
 ParOldGen       total 97792K, used 38287K [0x0000000760000000, 0x0000000765f80000, 0x00000007a0000000)
  object space 97792K, 39% used [0x0000000760000000,0x0000000762563cd8,0x0000000765f80000)
 Metaspace       used 56929K, capacity 58978K, committed 59028K, reserved 1099776K
  class space    used 7837K, capacity 8385K, committed 8408K, reserved 1048576K
Event: 13.347 GC heap after
Heap after GC invocations=13 (full 3):
 PSYoungGen      total 209920K, used 0K [0x00000007a0000000, 0x00000007af280000, 0x00000007c0000000)
  eden space 188928K, 0% used [0x00000007a0000000,0x00000007a0000000,0x00000007ab880000)
  from space 20992K, 0% used [0x00000007ad280000,0x00000007ad280000,0x00000007ae700000)
  to   space 26624K, 0% used [0x00000007ab880000,0x00000007ab880000,0x00000007ad280000)
 ParOldGen       total 155136K, used 45963K [0x0000000760000000, 0x0000000769780000, 0x00000007a0000000)
  object space 155136K, 29% used [0x0000000760000000,0x0000000762ce2db0,0x0000000769780000)
 Metaspace       used 56929K, capacity 58978K, committed 59028K, reserved 1099776K
  class space    used 7837K, capacity 8385K, committed 8408K, reserved 1048576K
}
Event: 274.433 GC heap before
{Heap before GC invocations=14 (full 3):
 PSYoungGen      total 209920K, used 188928K [0x00000007a0000000, 0x00000007af280000, 0x00000007c0000000)
  eden space 188928K, 100% used [0x00000007a0000000,0x00000007ab880000,0x00000007ab880000)
  from space 20992K, 0% used [0x00000007ad280000,0x00000007ad280000,0x00000007ae700000)
  to   space 26624K, 0% used [0x00000007ab880000,0x00000007ab880000,0x00000007ad280000)
 ParOldGen       total 155136K, used 45963K [0x0000000760000000, 0x0000000769780000, 0x00000007a0000000)
  object space 155136K, 29% used [0x0000000760000000,0x0000000762ce2db0,0x0000000769780000)
 Metaspace       used 65066K, capacity 67558K, committed 67800K, reserved 1107968K
  class space    used 8684K, capacity 9309K, committed 9432K, reserved 1048576K
Event: 274.458 GC heap after
Heap after GC invocations=14 (full 3):
 PSYoungGen      total 215552K, used 13976K [0x00000007a0000000, 0x00000007b0c00000, 0x00000007c0000000)
  eden space 188928K, 0% used [0x00000007a0000000,0x00000007a0000000,0x00000007ab880000)
  from space 26624K, 52% used [0x00000007ab880000,0x00000007ac6260a8,0x00000007ad280000)
  to   space 26112K, 0% used [0x00000007af280000,0x00000007af280000,0x00000007b0c00000)
 ParOldGen       total 155136K, used 45971K [0x0000000760000000, 0x0000000769780000, 0x00000007a0000000)
  object space 155136K, 29% used [0x0000000760000000,0x0000000762ce4db0,0x0000000769780000)
 Metaspace       used 65066K, capacity 67558K, committed 67800K, reserved 1107968K
  class space    used 8684K, capacity 9309K, committed 9432K, reserved 1048576K
}
Event: 339.107 GC heap before
{Heap before GC invocations=15 (full 3):
 PSYoungGen      total 215552K, used 202904K [0x00000007a0000000, 0x00000007b0c00000, 0x00000007c0000000)
  eden space 188928K, 100% used [0x00000007a0000000,0x00000007ab880000,0x00000007ab880000)
  from space 26624K, 52% used [0x00000007ab880000,0x00000007ac6260a8,0x00000007ad280000)
  to   space 26112K, 0% used [0x00000007af280000,0x00000007af280000,0x00000007b0c00000)
 ParOldGen       total 155136K, used 45971K [0x0000000760000000, 0x0000000769780000, 0x00000007a0000000)
  object space 155136K, 29% used [0x0000000760000000,0x0000000762ce4db0,0x0000000769780000)
 Metaspace       used 71540K, capacity 74450K, committed 74712K, reserved 1114112K
  class space    used 9467K, capacity 10173K, committed 10200K, reserved 1048576K
Event: 339.150 GC heap after
Heap after GC invocations=15 (full 3):
 PSYoungGen      total 240128K, used 20950K [0x00000007a0000000, 0x00000007b0a00000, 0x00000007c0000000)
  eden space 216064K, 0% used [0x00000007a0000000,0x00000007a0000000,0x00000007ad300000)
  from space 24064K, 87% used [0x00000007af280000,0x00000007b06f5898,0x00000007b0a00000)
  to   space 28160K, 0% used [0x00000007ad300000,0x00000007ad300000,0x00000007aee80000)
 ParOldGen       total 155136K, used 45979K [0x0000000760000000, 0x0000000769780000, 0x00000007a0000000)
  object space 155136K, 29% used [0x0000000760000000,0x0000000762ce6db0,0x0000000769780000)
 Metaspace       used 71540K, capacity 74450K, committed 74712K, reserved 1114112K
  class space    used 9467K, capacity 10173K, committed 10200K, reserved 1048576K
}

